<?xml version="1.0" encoding="UTF-8"?>
<testng-results ignored="0" total="1" passed="1" failed="0" skipped="0">
  <reporter-output>
  </reporter-output>
  <suite started-at="2023-06-17T18:56:50 IST" name="Suite" finished-at="2023-06-17T18:58:36 IST" duration-ms="106868">
    <groups>
    </groups>
    <test started-at="2023-06-17T18:56:50 IST" name="ChromeTest" finished-at="2023-06-17T18:58:36 IST" duration-ms="106868">
      <class name="testClasses.ShoppingAutomation">
        <test-method signature="testCartOrderValue(java.lang.String)[pri:0, instance:testClasses.ShoppingAutomation@1d9b7cce]" started-at="2023-06-17T18:56:50 IST" name="testCartOrderValue" finished-at="2023-06-17T18:58:36 IST" duration-ms="106425" status="PASS">
          <params>
            <param index="0">
              <value>
                <![CDATA[Chrome]]>
              </value>
            </param>
          </params>
          <reporter-output>
          </reporter-output>
        </test-method> <!-- testCartOrderValue -->
        <test-method is-config="true" signature="quitBrowser()[pri:0, instance:testClasses.ShoppingAutomation@1d9b7cce]" started-at="2023-06-17T18:58:36 IST" name="quitBrowser" finished-at="2023-06-17T18:58:36 IST" duration-ms="396" status="PASS">
          <reporter-output>
          </reporter-output>
        </test-method> <!-- quitBrowser -->
      </class> <!-- testClasses.ShoppingAutomation -->
    </test> <!-- ChromeTest -->
  </suite> <!-- Suite -->
</testng-results>
